<?xml version="1.0" encoding="UTF-8"?>
<testng-results skipped="0" failed="1" ignored="0" total="2" passed="1">
  <reporter-output>
  </reporter-output>
  <suite name="Default suite" duration-ms="45101" started-at="2018-07-23T18:43:36Z" finished-at="2018-07-23T18:44:21Z">
    <groups>
    </groups>
    <test name="Default test" duration-ms="45101" started-at="2018-07-23T18:43:36Z" finished-at="2018-07-23T18:44:21Z">
      <class name="com.bosentan.qa.testcases.PatientAttestationPageTest">
        <test-method status="PASS" signature="setup()[pri:0, instance:com.bosentan.qa.testcases.PatientAttestationPageTest@59ec2012]" name="setup" is-config="true" duration-ms="22441" started-at="2018-07-24T00:13:37Z" finished-at="2018-07-24T00:13:59Z">
          <reporter-output>
          </reporter-output>
        </test-method> <!-- setup -->
        <test-method status="PASS" signature="PatientAttestationPage(java.lang.String, java.lang.String, java.lang.String, java.lang.String, java.lang.String, java.lang.String)[pri:1, instance:com.bosentan.qa.testcases.PatientAttestationPageTest@59ec2012]" name="PatientAttestationPage" duration-ms="1197" started-at="2018-07-24T00:13:59Z" data-provider="getBosentanTestData" finished-at="2018-07-24T00:14:01Z">
          <params>
            <param index="0">
              <value>
                <![CDATA[Roger]]>
              </value>
            </param>
            <param index="1">
              <value>
                <![CDATA[Fedrer]]>
              </value>
            </param>
            <param index="2">
              <value>
                <![CDATA[11/14/1992]]>
              </value>
            </param>
            <param index="3">
              <value>
                <![CDATA[dsfdsfsdf]]>
              </value>
            </param>
            <param index="4">
              <value>
                <![CDATA[85251.0]]>
              </value>
            </param>
            <param index="5">
              <value>
                <![CDATA[3.456789435E9]]>
              </value>
            </param>
          </params>
          <reporter-output>
          </reporter-output>
        </test-method> <!-- PatientAttestationPage -->
        <test-method status="PASS" signature="setup()[pri:0, instance:com.bosentan.qa.testcases.PatientAttestationPageTest@59ec2012]" name="setup" is-config="true" duration-ms="20737" started-at="2018-07-24T00:14:01Z" finished-at="2018-07-24T00:14:21Z">
          <reporter-output>
          </reporter-output>
        </test-method> <!-- setup -->
        <test-method status="FAIL" signature="validatePatientIntakeTitleTest()[pri:2, instance:com.bosentan.qa.testcases.PatientAttestationPageTest@59ec2012]" name="validatePatientIntakeTitleTest" duration-ms="17" started-at="2018-07-24T00:14:21Z" finished-at="2018-07-24T00:14:21Z">
          <exception class="java.lang.AssertionError">
            <message>
              <![CDATA[expected:<Bosentan REMS - Patient Attestation> but was:<Bosentan REMS - Patient Intake>]]>
            </message>
            <full-stacktrace>
              <![CDATA[java.lang.AssertionError: expected:<Bosentan REMS - Patient Attestation> but was:<Bosentan REMS - Patient Intake>
	at org.testng.AssertJUnit.assertEquals(AssertJUnit.java:101)
	at org.testng.AssertJUnit.assertEquals(AssertJUnit.java:108)
	at com.bosentan.qa.testcases.PatientAttestationPageTest.validatePatientIntakeTitleTest(PatientAttestationPageTest.java:71)
	at sun.reflect.NativeMethodAccessorImpl.invoke0(Native Method)
	at sun.reflect.NativeMethodAccessorImpl.invoke(Unknown Source)
	at sun.reflect.DelegatingMethodAccessorImpl.invoke(Unknown Source)
	at java.lang.reflect.Method.invoke(Unknown Source)
	at org.testng.internal.MethodInvocationHelper.invokeMethod(MethodInvocationHelper.java:108)
	at org.testng.internal.Invoker.invokeMethod(Invoker.java:661)
	at org.testng.internal.Invoker.invokeTestMethod(Invoker.java:869)
	at org.testng.internal.Invoker.invokeTestMethods(Invoker.java:1193)
	at org.testng.internal.TestMethodWorker.invokeTestMethods(TestMethodWorker.java:126)
	at org.testng.internal.TestMethodWorker.run(TestMethodWorker.java:109)
	at org.testng.TestRunner.privateRun(TestRunner.java:744)
	at org.testng.TestRunner.run(TestRunner.java:602)
	at org.testng.SuiteRunner.runTest(SuiteRunner.java:380)
	at org.testng.SuiteRunner.runSequentially(SuiteRunner.java:375)
	at org.testng.SuiteRunner.privateRun(SuiteRunner.java:340)
	at org.testng.SuiteRunner.run(SuiteRunner.java:289)
	at org.testng.SuiteRunnerWorker.runSuite(SuiteRunnerWorker.java:52)
	at org.testng.SuiteRunnerWorker.run(SuiteRunnerWorker.java:86)
	at org.testng.TestNG.runSuitesSequentially(TestNG.java:1301)
	at org.testng.TestNG.runSuitesLocally(TestNG.java:1226)
	at org.testng.TestNG.runSuites(TestNG.java:1144)
	at org.testng.TestNG.run(TestNG.java:1115)
	at org.testng.remote.AbstractRemoteTestNG.run(AbstractRemoteTestNG.java:114)
	at org.testng.remote.RemoteTestNG.initAndRun(RemoteTestNG.java:251)
	at org.testng.remote.RemoteTestNG.main(RemoteTestNG.java:77)
]]>
            </full-stacktrace>
          </exception> <!-- java.lang.AssertionError -->
          <reporter-output>
          </reporter-output>
        </test-method> <!-- validatePatientIntakeTitleTest -->
      </class> <!-- com.bosentan.qa.testcases.PatientAttestationPageTest -->
    </test> <!-- Default test -->
  </suite> <!-- Default suite -->
</testng-results>
